<?xml version="1.0" encoding="UTF-8"?>
<!-- Generated by org.testng.reporters.JUnitReportReporter -->
<testsuite hostname="DESKTOP-8BLJPQ9" failures="0" tests="1" name="selenium_concepts.Popup" time="5.572" errors="0" timestamp="2022-10-25T11:27:29 IST" skipped="0">
  <testcase classname="selenium_concepts.Popup" name="methodone" time="5.572"/>
  <system-out/>
</testsuite> <!-- selenium_concepts.Popup -->
