<?xml version="1.0" encoding="UTF-8"?>
<!-- Generated by org.testng.reporters.JUnitReportReporter -->
<testsuite hostname="DESKTOP-8BLJPQ9" failures="0" tests="1" name="retryanalyser.Action_MouseOver" time="2.263" errors="0" timestamp="2022-10-28T15:18:11 IST" skipped="0">
  <testcase classname="retryanalyser.Action_MouseOver" name="methodone" time="2.263"/>
  <system-out/>
</testsuite> <!-- retryanalyser.Action_MouseOver -->
