<?xml version="1.0" encoding="UTF-8"?>
<!-- Generated by org.testng.reporters.JUnitReportReporter -->
<testsuite hostname="DESKTOP-8BLJPQ9" failures="0" tests="1" name="selenium_concepts.BrokenImages" time="9.665" errors="0" timestamp="2022-09-18T21:50:16 IST" skipped="0">
  <testcase classname="selenium_concepts.BrokenImages" name="methodone" time="9.665"/>
  <system-out/>
</testsuite> <!-- selenium_concepts.BrokenImages -->
