<?xml version="1.0" encoding="UTF-8"?>
<!-- Generated by org.testng.reporters.JUnitReportReporter -->
<testsuite hostname="DESKTOP-8BLJPQ9" failures="0" tests="1" name="selenium_concepts.NavigationCommands" time="10.864" errors="0" timestamp="2022-09-30T17:35:54 IST" skipped="0">
  <testcase classname="selenium_concepts.NavigationCommands" name="methodone" time="10.864"/>
  <system-out/>
</testsuite> <!-- selenium_concepts.NavigationCommands -->
