<?xml version="1.0" encoding="UTF-8"?>
<!-- Generated by org.testng.reporters.JUnitReportReporter -->
<testsuite hostname="DESKTOP-8BLJPQ9" failures="0" tests="1" name="selenium_concepts.Frames" time="7.462" errors="0" timestamp="2022-09-18T22:15:56 IST" skipped="0">
  <testcase classname="selenium_concepts.Frames" name="methodone" time="7.462"/>
  <system-out/>
</testsuite> <!-- selenium_concepts.Frames -->
