<?xml version="1.0" encoding="UTF-8"?>
<!-- Generated by org.testng.reporters.JUnitReportReporter -->
<testsuite hostname="DESKTOP-8BLJPQ9" failures="0" tests="1" name="selenium_concepts.ImplicitandExplicit_Wait" time="5.594" errors="0" timestamp="2022-09-29T16:33:06 IST" skipped="0">
  <testcase classname="selenium_concepts.ImplicitandExplicit_Wait" name="methodone" time="5.594"/>
  <system-out/>
</testsuite> <!-- selenium_concepts.ImplicitandExplicit_Wait -->
