<?xml version="1.0" encoding="UTF-8"?>
<!-- Generated by org.testng.reporters.JUnitReportReporter -->
<testsuite hostname="DESKTOP-8BLJPQ9" failures="0" tests="1" name="selenium_concepts.Mouseover_Action" time="5.954" errors="0" timestamp="2022-09-29T12:47:47 IST" skipped="0">
  <testcase classname="selenium_concepts.Mouseover_Action" name="methodone" time="5.954"/>
  <system-out/>
</testsuite> <!-- selenium_concepts.Mouseover_Action -->
