<?xml version="1.0" encoding="UTF-8"?>
<!-- Generated by org.testng.reporters.JUnitReportReporter -->
<testsuite hostname="DESKTOP-8BLJPQ9" failures="0" tests="1" name="selenium_concepts.GetText" time="3.560" errors="0" timestamp="2022-09-29T12:54:54 IST" skipped="0">
  <testcase classname="selenium_concepts.GetText" name="methodone" time="3.560"/>
  <system-out/>
</testsuite> <!-- selenium_concepts.GetText -->
