<?xml version="1.0" encoding="UTF-8"?>
<!-- Generated by org.testng.reporters.JUnitReportReporter -->
<testsuite hostname="DESKTOP-8BLJPQ9" failures="0" tests="1" name="selenium_concepts.Highlight_Element" time="7.174" errors="0" timestamp="2022-09-18T18:57:33 IST" skipped="0">
  <testcase classname="selenium_concepts.Highlight_Element" name="methodone" time="7.174"/>
  <system-out/>
</testsuite> <!-- selenium_concepts.Highlight_Element -->
