<?xml version="1.0" encoding="UTF-8"?>
<!-- Generated by org.testng.reporters.JUnitReportReporter -->
<testsuite hostname="DESKTOP-8BLJPQ9" failures="0" tests="1" name="selenium_concepts.Following_Siblings" time="4.934" errors="0" timestamp="2022-10-12T22:29:42 IST" skipped="0">
  <testcase classname="selenium_concepts.Following_Siblings" name="methodone" time="4.934"/>
  <system-out/>
</testsuite> <!-- selenium_concepts.Following_Siblings -->
