<?xml version="1.0" encoding="UTF-8"?>
<!-- Generated by org.testng.reporters.JUnitReportReporter -->
<testsuite hostname="DESKTOP-8BLJPQ9" failures="0" tests="1" name="selenium_concepts.PDF_Reader" time="0.642" errors="0" timestamp="2022-11-05T12:40:10 IST" skipped="0">
  <testcase classname="selenium_concepts.PDF_Reader" name="methodone" time="0.642"/>
  <system-out/>
</testsuite> <!-- selenium_concepts.PDF_Reader -->
