<?xml version="1.0" encoding="UTF-8"?>
<!-- Generated by org.testng.reporters.JUnitReportReporter -->
<testsuite hostname="DESKTOP-8BLJPQ9" failures="0" tests="1" name="selenium_concepts.GetText_and_GetAttribute" time="3.495" errors="0" timestamp="2022-10-20T11:05:29 IST" skipped="0">
  <testcase classname="selenium_concepts.GetText_and_GetAttribute" name="methodone" time="3.495"/>
  <system-out/>
</testsuite> <!-- selenium_concepts.GetText_and_GetAttribute -->
