<?xml version="1.0" encoding="UTF-8"?>
<!-- Generated by org.testng.reporters.JUnitReportReporter -->
<testsuite hostname="DESKTOP-8BLJPQ9" failures="0" tests="1" name="annotations.SampleTest" time="11.462" errors="0" timestamp="2022-11-02T19:18:20 IST" skipped="0">
  <testcase classname="annotations.SampleTest" name="testCurrentUrl" time="11.462"/>
  <system-out/>
</testsuite> <!-- annotations.SampleTest -->
