<?xml version="1.0" encoding="UTF-8"?>
<!-- Generated by org.testng.reporters.JUnitReportReporter -->
<testsuite hostname="DESKTOP-8BLJPQ9" failures="0" tests="3" name="dataprovider.ParameterDataproviderWithClassLevel" time="18.544" errors="0" timestamp="2022-10-19T11:54:51 IST" skipped="0">
  <testcase classname="dataprovider.ParameterDataproviderWithClassLevel" name="testMethod" time="7.249"/>
  <system-out/>
  <testcase classname="dataprovider.ParameterDataproviderWithClassLevel" name="testMethod" time="6.252"/>
  <system-out/>
  <testcase classname="dataprovider.ParameterDataproviderWithClassLevel" name="testMethod" time="5.043"/>
  <system-out/>
</testsuite> <!-- dataprovider.ParameterDataproviderWithClassLevel -->
