<?xml version="1.0" encoding="UTF-8"?>
<!-- Generated by org.testng.reporters.JUnitReportReporter -->
<testsuite hostname="DESKTOP-8BLJPQ9" failures="0" tests="1" name="selenium_concepts.Sample" time="6.996" errors="0" timestamp="2022-09-30T17:27:28 IST" skipped="0">
  <testcase classname="selenium_concepts.Sample" name="methodone" time="6.996"/>
  <system-out/>
</testsuite> <!-- selenium_concepts.Sample -->
