<?xml version="1.0" encoding="UTF-8"?>
<!-- Generated by org.testng.reporters.JUnitReportReporter -->
<testsuite hostname="DESKTOP-8BLJPQ9" failures="0" tests="1" name="selenium_concepts.Alerts" time="9.727" errors="0" timestamp="2022-09-28T19:10:42 IST" skipped="0">
  <testcase classname="selenium_concepts.Alerts" name="methodone" time="9.727"/>
  <system-out/>
</testsuite> <!-- selenium_concepts.Alerts -->
