<?xml version="1.0" encoding="UTF-8"?>
<!-- Generated by org.testng.reporters.JUnitReportReporter -->
<testsuite hostname="DESKTOP-8BLJPQ9" failures="0" tests="1" name="selenium_concepts.Screenshot" time="7.547" errors="0" timestamp="2022-09-30T17:33:39 IST" skipped="0">
  <testcase classname="selenium_concepts.Screenshot" name="methodone" time="7.547"/>
  <system-out/>
</testsuite> <!-- selenium_concepts.Screenshot -->
