<?xml version="1.0" encoding="UTF-8"?>
<!-- Generated by org.testng.reporters.JUnitReportReporter -->
<testsuite hostname="DESKTOP-8BLJPQ9" failures="0" tests="1" name="selenium_concepts.DragandDrop" time="5.869" errors="0" timestamp="2022-10-11T15:58:30 IST" skipped="0">
  <testcase classname="selenium_concepts.DragandDrop" name="draganddrop" time="5.869"/>
  <system-out/>
</testsuite> <!-- selenium_concepts.DragandDrop -->
