<?xml version="1.0" encoding="UTF-8"?>
<!-- Generated by org.testng.reporters.JUnitReportReporter -->
<testsuite hostname="DESKTOP-8BLJPQ9" failures="0" tests="1" name="selenium_concepts.Ismethods" time="4.626" errors="0" timestamp="2022-09-30T17:38:08 IST" skipped="0">
  <testcase classname="selenium_concepts.Ismethods" name="methodone" time="4.626"/>
  <system-out/>
</testsuite> <!-- selenium_concepts.Ismethods -->
