<?xml version="1.0" encoding="UTF-8"?>
<!-- Generated by org.testng.reporters.JUnitReportReporter -->
<testsuite hostname="DESKTOP-8BLJPQ9" failures="0" tests="1" name="selenium_concepts.RobotClass" time="31.867" errors="0" timestamp="2022-09-29T15:13:51 IST" skipped="0">
  <testcase classname="selenium_concepts.RobotClass" name="robot" time="31.867"/>
  <system-out/>
</testsuite> <!-- selenium_concepts.RobotClass -->
