<?xml version="1.0" encoding="UTF-8"?>
<!-- Generated by org.testng.reporters.JUnitReportReporter -->
<testsuite hostname="DESKTOP-8BLJPQ9" failures="0" tests="1" name="selenium_concepts.Handling_Tabs" time="7.652" errors="0" timestamp="2022-10-10T14:04:53 IST" skipped="0">
  <testcase classname="selenium_concepts.Handling_Tabs" name="methodone" time="7.652"/>
  <system-out/>
</testsuite> <!-- selenium_concepts.Handling_Tabs -->
