<?xml version="1.0" encoding="UTF-8"?>
<!-- Generated by org.testng.reporters.JUnitReportReporter -->
<testsuite hostname="DESKTOP-8BLJPQ9" failures="0" tests="1" name="selenium_concepts.Handle_Webtable" time="8.480" errors="0" timestamp="2022-10-08T00:25:32 IST" skipped="0">
  <testcase classname="selenium_concepts.Handle_Webtable" name="methodone" time="8.480"/>
  <system-out/>
</testsuite> <!-- selenium_concepts.Handle_Webtable -->
