<?xml version="1.0" encoding="UTF-8"?>
<!-- Generated by org.testng.reporters.JUnitReportReporter -->
<testsuite hostname="DESKTOP-8BLJPQ9" failures="0" tests="1" name="selenium_concepts.Action_MouseOver" time="6.404" errors="0" timestamp="2022-09-29T15:11:34 IST" skipped="0">
  <testcase classname="selenium_concepts.Action_MouseOver" name="methodone" time="6.404"/>
  <system-out/>
</testsuite> <!-- selenium_concepts.Action_MouseOver -->
