<?xml version="1.0" encoding="UTF-8"?>
<!-- Generated by org.testng.reporters.JUnitReportReporter -->
<testsuite hostname="DESKTOP-8BLJPQ9" failures="0" tests="1" name="selenium_concepts.LinkText_and_PartialLinkText" time="8.663" errors="0" timestamp="2022-10-11T21:31:35 IST" skipped="0">
  <testcase classname="selenium_concepts.LinkText_and_PartialLinkText" name="methodone" time="8.663"/>
  <system-out/>
</testsuite> <!-- selenium_concepts.LinkText_and_PartialLinkText -->
