<?xml version="1.0" encoding="UTF-8"?>
<!-- Generated by org.testng.reporters.JUnitReportReporter -->
<testsuite hostname="DESKTOP-8BLJPQ9" failures="0" tests="1" name="selenium_concepts.WindowBasedPopup" time="10.046" errors="0" timestamp="2022-10-21T09:49:31 IST" skipped="0">
  <testcase classname="selenium_concepts.WindowBasedPopup" name="methodone" time="10.046"/>
  <system-out/>
</testsuite> <!-- selenium_concepts.WindowBasedPopup -->
